The target system is: Generic -  - 
The host system is: Darwin - 21.3.0 - x86_64
Compiling the C compiler identification source file "CMakeCCompilerId.c" succeeded.
Compiler: /Users/nicklasborjesson/.platformio/packages/toolchain-xtensa-esp32/bin/xtensa-esp32-elf-gcc 
Build flags: -mlongcalls;-Wno-frame-address
Id flags:  

The output was:
0


Compilation of the C compiler identification source "CMakeCCompilerId.c" produced "a.out"

The C compiler identification is GNU, found in "/Users/nicklasborjesson/Documents/PlatformIO/Projects/lvgl_test2/.pio/build/esp-wrover-kit/CMakeFiles/3.16.4/CompilerIdC/a.out"

Compiling the CXX compiler identification source file "CMakeCXXCompilerId.cpp" succeeded.
Compiler: /Users/nicklasborjesson/.platformio/packages/toolchain-xtensa-esp32/bin/xtensa-esp32-elf-g++ 
Build flags: -mlongcalls;-Wno-frame-address
Id flags:  

The output was:
0


Compilation of the CXX compiler identification source "CMakeCXXCompilerId.cpp" produced "a.out"

The CXX compiler identification is GNU, found in "/Users/nicklasborjesson/Documents/PlatformIO/Projects/lvgl_test2/.pio/build/esp-wrover-kit/CMakeFiles/3.16.4/CompilerIdCXX/a.out"

Checking whether the ASM compiler is GNU using "--version" matched "(GNU assembler)|(GCC)|(Free Software Foundation)":
xtensa-esp32-elf-gcc (crosstool-NG esp-2021r2-patch2) 8.4.0
Copyright (C) 2018 Free Software Foundation, Inc.
This is free software; see the source for copying conditions.  There is NO
warranty; not even for MERCHANTABILITY or FITNESS FOR A PARTICULAR PURPOSE.

Determining if the C compiler works passed with the following output:
Change Dir: /Users/nicklasborjesson/Documents/PlatformIO/Projects/lvgl_test2/.pio/build/esp-wrover-kit/CMakeFiles/CMakeTmp

Run Build Command(s):/Users/nicklasborjesson/.platformio/packages/tool-ninja/ninja cmTC_54638 && [1/2] Building C object CMakeFiles/cmTC_54638.dir/testCCompiler.c.obj
[2/2] Linking C executable cmTC_54638



Detecting C compiler ABI info compiled with the following output:
Change Dir: /Users/nicklasborjesson/Documents/PlatformIO/Projects/lvgl_test2/.pio/build/esp-wrover-kit/CMakeFiles/CMakeTmp

Run Build Command(s):/Users/nicklasborjesson/.platformio/packages/tool-ninja/ninja cmTC_bd6a1 && [1/2] Building C object CMakeFiles/cmTC_bd6a1.dir/CMakeCCompilerABI.c.obj
Using built-in specs.
COLLECT_GCC=/Users/nicklasborjesson/.platformio/packages/toolchain-xtensa-esp32/bin/xtensa-esp32-elf-gcc
Target: xtensa-esp32-elf
Configured with: /builds/idf/crosstool-NG/.build/HOST-x86_64-apple-darwin12/xtensa-esp32-elf/src/gcc/configure --build=x86_64-build_pc-linux-gnu --host=x86_64-host_apple-darwin12 --target=xtensa-esp32-elf --prefix=/builds/idf/crosstool-NG/builds/xtensa-esp32-elf --with-local-prefix=/builds/idf/crosstool-NG/builds/xtensa-esp32-elf/xtensa-esp32-elf --with-headers=/builds/idf/crosstool-NG/builds/xtensa-esp32-elf/xtensa-esp32-elf/include --with-newlib --enable-threads=no --disable-shared --with-pkgversion='crosstool-NG esp-2021r2-patch2' --disable-__cxa_atexit --enable-cxx-flags=-ffunction-sections --disable-libgomp --disable-libmudflap --disable-libmpx --disable-libssp --disable-libquadmath --disable-libquadmath-support --with-gmp=/builds/idf/crosstool-NG/.build/HOST-x86_64-apple-darwin12/xtensa-esp32-elf/buildtools/complibs-host --with-mpfr=/builds/idf/crosstool-NG/.build/HOST-x86_64-apple-darwin12/xtensa-esp32-elf/buildtools/complibs-host --with-mpc=/builds/idf/crosstool-NG/.build/HOST-x86_64-apple-darwin12/xtensa-esp32-elf/buildtools/complibs-host --with-isl=/builds/idf/crosstool-NG/.build/HOST-x86_64-apple-darwin12/xtensa-esp32-elf/buildtools/complibs-host --enable-lto --enable-target-optspace --without-long-double-128 --disable-nls --enable-multiarch --enable-languages=c,c++ --disable-libstdcxx-verbose --enable-threads=posix --enable-gcov-custom-rtio --enable-libstdcxx-time=yes
Thread model: posix
gcc version 8.4.0 (crosstool-NG esp-2021r2-patch2) 
COLLECT_GCC_OPTIONS='-mlongcalls' '-Wno-frame-address' '-v' '-o' 'CMakeFiles/cmTC_bd6a1.dir/CMakeCCompilerABI.c.obj' '-c'
 /Users/nicklasborjesson/.platformio/packages/toolchain-xtensa-esp32/bin/../libexec/gcc/xtensa-esp32-elf/8.4.0/cc1 -quiet -v -iprefix /Users/nicklasborjesson/.platformio/packages/toolchain-xtensa-esp32/bin/../lib/gcc/xtensa-esp32-elf/8.4.0/ /Users/nicklasborjesson/.platformio/packages/tool-cmake/share/cmake-3.16/Modules/CMakeCCompilerABI.c -quiet -dumpbase CMakeCCompilerABI.c -mlongcalls -auxbase-strip CMakeFiles/cmTC_bd6a1.dir/CMakeCCompilerABI.c.obj -Wno-frame-address -version -o /var/folders/f_/mgcm9t8d3fq3gtkw7_1nftn40000gn/T//ccqhKp6x.s
GNU C17 (crosstool-NG esp-2021r2-patch2) version 8.4.0 (xtensa-esp32-elf)
	compiled by GNU C version 8.3.0, GMP version 6.2.0, MPFR version 4.0.2, MPC version 1.1.0, isl version isl-0.19-GMP

GGC heuristics: --param ggc-min-expand=100 --param ggc-min-heapsize=131072
ignoring duplicate directory "/Users/nicklasborjesson/.platformio/packages/toolchain-xtensa-esp32/bin/../lib/gcc/../../lib/gcc/xtensa-esp32-elf/8.4.0/include"
ignoring duplicate directory "/Users/nicklasborjesson/.platformio/packages/toolchain-xtensa-esp32/bin/../lib/gcc/../../lib/gcc/xtensa-esp32-elf/8.4.0/include-fixed"
ignoring duplicate directory "/Users/nicklasborjesson/.platformio/packages/toolchain-xtensa-esp32/bin/../lib/gcc/../../lib/gcc/xtensa-esp32-elf/8.4.0/../../../../xtensa-esp32-elf/sys-include"
ignoring duplicate directory "/Users/nicklasborjesson/.platformio/packages/toolchain-xtensa-esp32/bin/../lib/gcc/../../lib/gcc/xtensa-esp32-elf/8.4.0/../../../../xtensa-esp32-elf/include"
#include "..." search starts here:
#include <...> search starts here:
 /Users/nicklasborjesson/.platformio/packages/toolchain-xtensa-esp32/bin/../lib/gcc/xtensa-esp32-elf/8.4.0/include
 /Users/nicklasborjesson/.platformio/packages/toolchain-xtensa-esp32/bin/../lib/gcc/xtensa-esp32-elf/8.4.0/include-fixed
 /Users/nicklasborjesson/.platformio/packages/toolchain-xtensa-esp32/bin/../lib/gcc/xtensa-esp32-elf/8.4.0/../../../../xtensa-esp32-elf/sys-include
 /Users/nicklasborjesson/.platformio/packages/toolchain-xtensa-esp32/bin/../lib/gcc/xtensa-esp32-elf/8.4.0/../../../../xtensa-esp32-elf/include
End of search list.
GNU C17 (crosstool-NG esp-2021r2-patch2) version 8.4.0 (xtensa-esp32-elf)
	compiled by GNU C version 8.3.0, GMP version 6.2.0, MPFR version 4.0.2, MPC version 1.1.0, isl version isl-0.19-GMP

GGC heuristics: --param ggc-min-expand=100 --param ggc-min-heapsize=131072
Compiler executable checksum: fd397b9a9131990dbb1f73ab9f9c5150
COLLECT_GCC_OPTIONS='-mlongcalls' '-Wno-frame-address' '-v' '-o' 'CMakeFiles/cmTC_bd6a1.dir/CMakeCCompilerABI.c.obj' '-c'
 /Users/nicklasborjesson/.platformio/packages/toolchain-xtensa-esp32/bin/../lib/gcc/xtensa-esp32-elf/8.4.0/../../../../xtensa-esp32-elf/bin/as --traditional-format --longcalls -o CMakeFiles/cmTC_bd6a1.dir/CMakeCCompilerABI.c.obj /var/folders/f_/mgcm9t8d3fq3gtkw7_1nftn40000gn/T//ccqhKp6x.s
COMPILER_PATH=/Users/nicklasborjesson/.platformio/packages/toolchain-xtensa-esp32/bin/../libexec/gcc/xtensa-esp32-elf/8.4.0/:/Users/nicklasborjesson/.platformio/packages/toolchain-xtensa-esp32/bin/../libexec/gcc/:/Users/nicklasborjesson/.platformio/packages/toolchain-xtensa-esp32/bin/../lib/gcc/xtensa-esp32-elf/8.4.0/../../../../xtensa-esp32-elf/bin/
LIBRARY_PATH=/Users/nicklasborjesson/.platformio/packages/toolchain-xtensa-esp32/bin/../lib/gcc/xtensa-esp32-elf/8.4.0/:/Users/nicklasborjesson/.platformio/packages/toolchain-xtensa-esp32/bin/../lib/gcc/:/Users/nicklasborjesson/.platformio/packages/toolchain-xtensa-esp32/bin/../lib/gcc/xtensa-esp32-elf/8.4.0/../../../../xtensa-esp32-elf/lib/
COLLECT_GCC_OPTIONS='-mlongcalls' '-Wno-frame-address' '-v' '-o' 'CMakeFiles/cmTC_bd6a1.dir/CMakeCCompilerABI.c.obj' '-c'
[2/2] Linking C executable cmTC_bd6a1
Using built-in specs.
COLLECT_GCC=/Users/nicklasborjesson/.platformio/packages/toolchain-xtensa-esp32/bin/xtensa-esp32-elf-gcc
COLLECT_LTO_WRAPPER=/Users/nicklasborjesson/.platformio/packages/toolchain-xtensa-esp32/bin/../libexec/gcc/xtensa-esp32-elf/8.4.0/lto-wrapper
Target: xtensa-esp32-elf
Configured with: /builds/idf/crosstool-NG/.build/HOST-x86_64-apple-darwin12/xtensa-esp32-elf/src/gcc/configure --build=x86_64-build_pc-linux-gnu --host=x86_64-host_apple-darwin12 --target=xtensa-esp32-elf --prefix=/builds/idf/crosstool-NG/builds/xtensa-esp32-elf --with-local-prefix=/builds/idf/crosstool-NG/builds/xtensa-esp32-elf/xtensa-esp32-elf --with-headers=/builds/idf/crosstool-NG/builds/xtensa-esp32-elf/xtensa-esp32-elf/include --with-newlib --enable-threads=no --disable-shared --with-pkgversion='crosstool-NG esp-2021r2-patch2' --disable-__cxa_atexit --enable-cxx-flags=-ffunction-sections --disable-libgomp --disable-libmudflap --disable-libmpx --disable-libssp --disable-libquadmath --disable-libquadmath-support --with-gmp=/builds/idf/crosstool-NG/.build/HOST-x86_64-apple-darwin12/xtensa-esp32-elf/buildtools/complibs-host --with-mpfr=/builds/idf/crosstool-NG/.build/HOST-x86_64-apple-darwin12/xtensa-esp32-elf/buildtools/complibs-host --with-mpc=/builds/idf/crosstool-NG/.build/HOST-x86_64-apple-darwin12/xtensa-esp32-elf/buildtools/complibs-host --with-isl=/builds/idf/crosstool-NG/.build/HOST-x86_64-apple-darwin12/xtensa-esp32-elf/buildtools/complibs-host --enable-lto --enable-target-optspace --without-long-double-128 --disable-nls --enable-multiarch --enable-languages=c,c++ --disable-libstdcxx-verbose --enable-threads=posix --enable-gcov-custom-rtio --enable-libstdcxx-time=yes
Thread model: posix
gcc version 8.4.0 (crosstool-NG esp-2021r2-patch2) 
COMPILER_PATH=/Users/nicklasborjesson/.platformio/packages/toolchain-xtensa-esp32/bin/../libexec/gcc/xtensa-esp32-elf/8.4.0/:/Users/nicklasborjesson/.platformio/packages/toolchain-xtensa-esp32/bin/../libexec/gcc/:/Users/nicklasborjesson/.platformio/packages/toolchain-xtensa-esp32/bin/../lib/gcc/xtensa-esp32-elf/8.4.0/../../../../xtensa-esp32-elf/bin/
LIBRARY_PATH=/Users/nicklasborjesson/.platformio/packages/toolchain-xtensa-esp32/bin/../lib/gcc/xtensa-esp32-elf/8.4.0/:/Users/nicklasborjesson/.platformio/packages/toolchain-xtensa-esp32/bin/../lib/gcc/:/Users/nicklasborjesson/.platformio/packages/toolchain-xtensa-esp32/bin/../lib/gcc/xtensa-esp32-elf/8.4.0/../../../../xtensa-esp32-elf/lib/
COLLECT_GCC_OPTIONS='-mlongcalls' '-Wno-frame-address' '-v' '-o' 'cmTC_bd6a1'
 /Users/nicklasborjesson/.platformio/packages/toolchain-xtensa-esp32/bin/../libexec/gcc/xtensa-esp32-elf/8.4.0/collect2 -plugin /Users/nicklasborjesson/.platformio/packages/toolchain-xtensa-esp32/bin/../libexec/gcc/xtensa-esp32-elf/8.4.0/liblto_plugin.so -plugin-opt=/Users/nicklasborjesson/.platformio/packages/toolchain-xtensa-esp32/bin/../libexec/gcc/xtensa-esp32-elf/8.4.0/lto-wrapper -plugin-opt=-fresolution=/var/folders/f_/mgcm9t8d3fq3gtkw7_1nftn40000gn/T//ccl7cY0X.res -plugin-opt=-pass-through=-lgcc -plugin-opt=-pass-through=-lc -plugin-opt=-pass-through=-lnosys -plugin-opt=-pass-through=-lc -plugin-opt=-pass-through=-lgcc -o cmTC_bd6a1 /Users/nicklasborjesson/.platformio/packages/toolchain-xtensa-esp32/bin/../lib/gcc/xtensa-esp32-elf/8.4.0/../../../../xtensa-esp32-elf/lib/crt0.o /Users/nicklasborjesson/.platformio/packages/toolchain-xtensa-esp32/bin/../lib/gcc/xtensa-esp32-elf/8.4.0/crti.o /Users/nicklasborjesson/.platformio/packages/toolchain-xtensa-esp32/bin/../lib/gcc/xtensa-esp32-elf/8.4.0/crtbegin.o -L/Users/nicklasborjesson/.platformio/packages/toolchain-xtensa-esp32/bin/../lib/gcc/xtensa-esp32-elf/8.4.0 -L/Users/nicklasborjesson/.platformio/packages/toolchain-xtensa-esp32/bin/../lib/gcc -L/Users/nicklasborjesson/.platformio/packages/toolchain-xtensa-esp32/bin/../lib/gcc/xtensa-esp32-elf/8.4.0/../../../../xtensa-esp32-elf/lib CMakeFiles/cmTC_bd6a1.dir/CMakeCCompilerABI.c.obj -lgcc -lc -lnosys -lc -lgcc /Users/nicklasborjesson/.platformio/packages/toolchain-xtensa-esp32/bin/../lib/gcc/xtensa-esp32-elf/8.4.0/crtend.o /Users/nicklasborjesson/.platformio/packages/toolchain-xtensa-esp32/bin/../lib/gcc/xtensa-esp32-elf/8.4.0/crtn.o
COLLECT_GCC_OPTIONS='-mlongcalls' '-Wno-frame-address' '-v' '-o' 'cmTC_bd6a1'



Parsed C implicit include dir info from above output: rv=done
  found start of include info
  found start of implicit include info
    add: [/Users/nicklasborjesson/.platformio/packages/toolchain-xtensa-esp32/bin/../lib/gcc/xtensa-esp32-elf/8.4.0/include]
    add: [/Users/nicklasborjesson/.platformio/packages/toolchain-xtensa-esp32/bin/../lib/gcc/xtensa-esp32-elf/8.4.0/include-fixed]
    add: [/Users/nicklasborjesson/.platformio/packages/toolchain-xtensa-esp32/bin/../lib/gcc/xtensa-esp32-elf/8.4.0/../../../../xtensa-esp32-elf/sys-include]
    add: [/Users/nicklasborjesson/.platformio/packages/toolchain-xtensa-esp32/bin/../lib/gcc/xtensa-esp32-elf/8.4.0/../../../../xtensa-esp32-elf/include]
  end of search list found
  collapse include dir [/Users/nicklasborjesson/.platformio/packages/toolchain-xtensa-esp32/bin/../lib/gcc/xtensa-esp32-elf/8.4.0/include] ==> [/Users/nicklasborjesson/.platformio/packages/toolchain-xtensa-esp32/lib/gcc/xtensa-esp32-elf/8.4.0/include]
  collapse include dir [/Users/nicklasborjesson/.platformio/packages/toolchain-xtensa-esp32/bin/../lib/gcc/xtensa-esp32-elf/8.4.0/include-fixed] ==> [/Users/nicklasborjesson/.platformio/packages/toolchain-xtensa-esp32/lib/gcc/xtensa-esp32-elf/8.4.0/include-fixed]
  collapse include dir [/Users/nicklasborjesson/.platformio/packages/toolchain-xtensa-esp32/bin/../lib/gcc/xtensa-esp32-elf/8.4.0/../../../../xtensa-esp32-elf/sys-include] ==> [/Users/nicklasborjesson/.platformio/packages/toolchain-xtensa-esp32/xtensa-esp32-elf/sys-include]
  collapse include dir [/Users/nicklasborjesson/.platformio/packages/toolchain-xtensa-esp32/bin/../lib/gcc/xtensa-esp32-elf/8.4.0/../../../../xtensa-esp32-elf/include] ==> [/Users/nicklasborjesson/.platformio/packages/toolchain-xtensa-esp32/xtensa-esp32-elf/include]
  implicit include dirs: [/Users/nicklasborjesson/.platformio/packages/toolchain-xtensa-esp32/lib/gcc/xtensa-esp32-elf/8.4.0/include;/Users/nicklasborjesson/.platformio/packages/toolchain-xtensa-esp32/lib/gcc/xtensa-esp32-elf/8.4.0/include-fixed;/Users/nicklasborjesson/.platformio/packages/toolchain-xtensa-esp32/xtensa-esp32-elf/sys-include;/Users/nicklasborjesson/.platformio/packages/toolchain-xtensa-esp32/xtensa-esp32-elf/include]


Parsed C implicit link information from above output:
  link line regex: [^( *|.*[/\])(xtensa-esp32-elf-ld|CMAKE_LINK_STARTFILE-NOTFOUND|([^/\]+-)?ld|collect2)[^/\]*( |$)]
  ignore line: [Change Dir: /Users/nicklasborjesson/Documents/PlatformIO/Projects/lvgl_test2/.pio/build/esp-wrover-kit/CMakeFiles/CMakeTmp]
  ignore line: []
  ignore line: [Run Build Command(s):/Users/nicklasborjesson/.platformio/packages/tool-ninja/ninja cmTC_bd6a1 && [1/2] Building C object CMakeFiles/cmTC_bd6a1.dir/CMakeCCompilerABI.c.obj]
  ignore line: [Using built-in specs.]
  ignore line: [COLLECT_GCC=/Users/nicklasborjesson/.platformio/packages/toolchain-xtensa-esp32/bin/xtensa-esp32-elf-gcc]
  ignore line: [Target: xtensa-esp32-elf]
  ignore line: [Configured with: /builds/idf/crosstool-NG/.build/HOST-x86_64-apple-darwin12/xtensa-esp32-elf/src/gcc/configure --build=x86_64-build_pc-linux-gnu --host=x86_64-host_apple-darwin12 --target=xtensa-esp32-elf --prefix=/builds/idf/crosstool-NG/builds/xtensa-esp32-elf --with-local-prefix=/builds/idf/crosstool-NG/builds/xtensa-esp32-elf/xtensa-esp32-elf --with-headers=/builds/idf/crosstool-NG/builds/xtensa-esp32-elf/xtensa-esp32-elf/include --with-newlib --enable-threads=no --disable-shared --with-pkgversion='crosstool-NG esp-2021r2-patch2' --disable-__cxa_atexit --enable-cxx-flags=-ffunction-sections --disable-libgomp --disable-libmudflap --disable-libmpx --disable-libssp --disable-libquadmath --disable-libquadmath-support --with-gmp=/builds/idf/crosstool-NG/.build/HOST-x86_64-apple-darwin12/xtensa-esp32-elf/buildtools/complibs-host --with-mpfr=/builds/idf/crosstool-NG/.build/HOST-x86_64-apple-darwin12/xtensa-esp32-elf/buildtools/complibs-host --with-mpc=/builds/idf/crosstool-NG/.build/HOST-x86_64-apple-darwin12/xtensa-esp32-elf/buildtools/complibs-host --with-isl=/builds/idf/crosstool-NG/.build/HOST-x86_64-apple-darwin12/xtensa-esp32-elf/buildtools/complibs-host --enable-lto --enable-target-optspace --without-long-double-128 --disable-nls --enable-multiarch --enable-languages=c c++ --disable-libstdcxx-verbose --enable-threads=posix --enable-gcov-custom-rtio --enable-libstdcxx-time=yes]
  ignore line: [Thread model: posix]
  ignore line: [gcc version 8.4.0 (crosstool-NG esp-2021r2-patch2) ]
  ignore line: [COLLECT_GCC_OPTIONS='-mlongcalls' '-Wno-frame-address' '-v' '-o' 'CMakeFiles/cmTC_bd6a1.dir/CMakeCCompilerABI.c.obj' '-c']
  ignore line: [ /Users/nicklasborjesson/.platformio/packages/toolchain-xtensa-esp32/bin/../libexec/gcc/xtensa-esp32-elf/8.4.0/cc1 -quiet -v -iprefix /Users/nicklasborjesson/.platformio/packages/toolchain-xtensa-esp32/bin/../lib/gcc/xtensa-esp32-elf/8.4.0/ /Users/nicklasborjesson/.platformio/packages/tool-cmake/share/cmake-3.16/Modules/CMakeCCompilerABI.c -quiet -dumpbase CMakeCCompilerABI.c -mlongcalls -auxbase-strip CMakeFiles/cmTC_bd6a1.dir/CMakeCCompilerABI.c.obj -Wno-frame-address -version -o /var/folders/f_/mgcm9t8d3fq3gtkw7_1nftn40000gn/T//ccqhKp6x.s]
  ignore line: [GNU C17 (crosstool-NG esp-2021r2-patch2) version 8.4.0 (xtensa-esp32-elf)]
  ignore line: [	compiled by GNU C version 8.3.0  GMP version 6.2.0  MPFR version 4.0.2  MPC version 1.1.0  isl version isl-0.19-GMP]
  ignore line: []
  ignore line: [GGC heuristics: --param ggc-min-expand=100 --param ggc-min-heapsize=131072]
  ignore line: [ignoring duplicate directory "/Users/nicklasborjesson/.platformio/packages/toolchain-xtensa-esp32/bin/../lib/gcc/../../lib/gcc/xtensa-esp32-elf/8.4.0/include"]
  ignore line: [ignoring duplicate directory "/Users/nicklasborjesson/.platformio/packages/toolchain-xtensa-esp32/bin/../lib/gcc/../../lib/gcc/xtensa-esp32-elf/8.4.0/include-fixed"]
  ignore line: [ignoring duplicate directory "/Users/nicklasborjesson/.platformio/packages/toolchain-xtensa-esp32/bin/../lib/gcc/../../lib/gcc/xtensa-esp32-elf/8.4.0/../../../../xtensa-esp32-elf/sys-include"]
  ignore line: [ignoring duplicate directory "/Users/nicklasborjesson/.platformio/packages/toolchain-xtensa-esp32/bin/../lib/gcc/../../lib/gcc/xtensa-esp32-elf/8.4.0/../../../../xtensa-esp32-elf/include"]
  ignore line: [#include "..." search starts here:]
  ignore line: [#include <...> search starts here:]
  ignore line: [ /Users/nicklasborjesson/.platformio/packages/toolchain-xtensa-esp32/bin/../lib/gcc/xtensa-esp32-elf/8.4.0/include]
  ignore line: [ /Users/nicklasborjesson/.platformio/packages/toolchain-xtensa-esp32/bin/../lib/gcc/xtensa-esp32-elf/8.4.0/include-fixed]
  ignore line: [ /Users/nicklasborjesson/.platformio/packages/toolchain-xtensa-esp32/bin/../lib/gcc/xtensa-esp32-elf/8.4.0/../../../../xtensa-esp32-elf/sys-include]
  ignore line: [ /Users/nicklasborjesson/.platformio/packages/toolchain-xtensa-esp32/bin/../lib/gcc/xtensa-esp32-elf/8.4.0/../../../../xtensa-esp32-elf/include]
  ignore line: [End of search list.]
  ignore line: [GNU C17 (crosstool-NG esp-2021r2-patch2) version 8.4.0 (xtensa-esp32-elf)]
  ignore line: [	compiled by GNU C version 8.3.0  GMP version 6.2.0  MPFR version 4.0.2  MPC version 1.1.0  isl version isl-0.19-GMP]
  ignore line: []
  ignore line: [GGC heuristics: --param ggc-min-expand=100 --param ggc-min-heapsize=131072]
  ignore line: [Compiler executable checksum: fd397b9a9131990dbb1f73ab9f9c5150]
  ignore line: [COLLECT_GCC_OPTIONS='-mlongcalls' '-Wno-frame-address' '-v' '-o' 'CMakeFiles/cmTC_bd6a1.dir/CMakeCCompilerABI.c.obj' '-c']
  ignore line: [ /Users/nicklasborjesson/.platformio/packages/toolchain-xtensa-esp32/bin/../lib/gcc/xtensa-esp32-elf/8.4.0/../../../../xtensa-esp32-elf/bin/as --traditional-format --longcalls -o CMakeFiles/cmTC_bd6a1.dir/CMakeCCompilerABI.c.obj /var/folders/f_/mgcm9t8d3fq3gtkw7_1nftn40000gn/T//ccqhKp6x.s]
  ignore line: [COMPILER_PATH=/Users/nicklasborjesson/.platformio/packages/toolchain-xtensa-esp32/bin/../libexec/gcc/xtensa-esp32-elf/8.4.0/:/Users/nicklasborjesson/.platformio/packages/toolchain-xtensa-esp32/bin/../libexec/gcc/:/Users/nicklasborjesson/.platformio/packages/toolchain-xtensa-esp32/bin/../lib/gcc/xtensa-esp32-elf/8.4.0/../../../../xtensa-esp32-elf/bin/]
  ignore line: [LIBRARY_PATH=/Users/nicklasborjesson/.platformio/packages/toolchain-xtensa-esp32/bin/../lib/gcc/xtensa-esp32-elf/8.4.0/:/Users/nicklasborjesson/.platformio/packages/toolchain-xtensa-esp32/bin/../lib/gcc/:/Users/nicklasborjesson/.platformio/packages/toolchain-xtensa-esp32/bin/../lib/gcc/xtensa-esp32-elf/8.4.0/../../../../xtensa-esp32-elf/lib/]
  ignore line: [COLLECT_GCC_OPTIONS='-mlongcalls' '-Wno-frame-address' '-v' '-o' 'CMakeFiles/cmTC_bd6a1.dir/CMakeCCompilerABI.c.obj' '-c']
  ignore line: [[2/2] Linking C executable cmTC_bd6a1]
  ignore line: [Using built-in specs.]
  ignore line: [COLLECT_GCC=/Users/nicklasborjesson/.platformio/packages/toolchain-xtensa-esp32/bin/xtensa-esp32-elf-gcc]
  ignore line: [COLLECT_LTO_WRAPPER=/Users/nicklasborjesson/.platformio/packages/toolchain-xtensa-esp32/bin/../libexec/gcc/xtensa-esp32-elf/8.4.0/lto-wrapper]
  ignore line: [Target: xtensa-esp32-elf]
  ignore line: [Configured with: /builds/idf/crosstool-NG/.build/HOST-x86_64-apple-darwin12/xtensa-esp32-elf/src/gcc/configure --build=x86_64-build_pc-linux-gnu --host=x86_64-host_apple-darwin12 --target=xtensa-esp32-elf --prefix=/builds/idf/crosstool-NG/builds/xtensa-esp32-elf --with-local-prefix=/builds/idf/crosstool-NG/builds/xtensa-esp32-elf/xtensa-esp32-elf --with-headers=/builds/idf/crosstool-NG/builds/xtensa-esp32-elf/xtensa-esp32-elf/include --with-newlib --enable-threads=no --disable-shared --with-pkgversion='crosstool-NG esp-2021r2-patch2' --disable-__cxa_atexit --enable-cxx-flags=-ffunction-sections --disable-libgomp --disable-libmudflap --disable-libmpx --disable-libssp --disable-libquadmath --disable-libquadmath-support --with-gmp=/builds/idf/crosstool-NG/.build/HOST-x86_64-apple-darwin12/xtensa-esp32-elf/buildtools/complibs-host --with-mpfr=/builds/idf/crosstool-NG/.build/HOST-x86_64-apple-darwin12/xtensa-esp32-elf/buildtools/complibs-host --with-mpc=/builds/idf/crosstool-NG/.build/HOST-x86_64-apple-darwin12/xtensa-esp32-elf/buildtools/complibs-host --with-isl=/builds/idf/crosstool-NG/.build/HOST-x86_64-apple-darwin12/xtensa-esp32-elf/buildtools/complibs-host --enable-lto --enable-target-optspace --without-long-double-128 --disable-nls --enable-multiarch --enable-languages=c c++ --disable-libstdcxx-verbose --enable-threads=posix --enable-gcov-custom-rtio --enable-libstdcxx-time=yes]
  ignore line: [Thread model: posix]
  ignore line: [gcc version 8.4.0 (crosstool-NG esp-2021r2-patch2) ]
  ignore line: [COMPILER_PATH=/Users/nicklasborjesson/.platformio/packages/toolchain-xtensa-esp32/bin/../libexec/gcc/xtensa-esp32-elf/8.4.0/:/Users/nicklasborjesson/.platformio/packages/toolchain-xtensa-esp32/bin/../libexec/gcc/:/Users/nicklasborjesson/.platformio/packages/toolchain-xtensa-esp32/bin/../lib/gcc/xtensa-esp32-elf/8.4.0/../../../../xtensa-esp32-elf/bin/]
  ignore line: [LIBRARY_PATH=/Users/nicklasborjesson/.platformio/packages/toolchain-xtensa-esp32/bin/../lib/gcc/xtensa-esp32-elf/8.4.0/:/Users/nicklasborjesson/.platformio/packages/toolchain-xtensa-esp32/bin/../lib/gcc/:/Users/nicklasborjesson/.platformio/packages/toolchain-xtensa-esp32/bin/../lib/gcc/xtensa-esp32-elf/8.4.0/../../../../xtensa-esp32-elf/lib/]
  ignore line: [COLLECT_GCC_OPTIONS='-mlongcalls' '-Wno-frame-address' '-v' '-o' 'cmTC_bd6a1']
  link line: [ /Users/nicklasborjesson/.platformio/packages/toolchain-xtensa-esp32/bin/../libexec/gcc/xtensa-esp32-elf/8.4.0/collect2 -plugin /Users/nicklasborjesson/.platformio/packages/toolchain-xtensa-esp32/bin/../libexec/gcc/xtensa-esp32-elf/8.4.0/liblto_plugin.so -plugin-opt=/Users/nicklasborjesson/.platformio/packages/toolchain-xtensa-esp32/bin/../libexec/gcc/xtensa-esp32-elf/8.4.0/lto-wrapper -plugin-opt=-fresolution=/var/folders/f_/mgcm9t8d3fq3gtkw7_1nftn40000gn/T//ccl7cY0X.res -plugin-opt=-pass-through=-lgcc -plugin-opt=-pass-through=-lc -plugin-opt=-pass-through=-lnosys -plugin-opt=-pass-through=-lc -plugin-opt=-pass-through=-lgcc -o cmTC_bd6a1 /Users/nicklasborjesson/.platformio/packages/toolchain-xtensa-esp32/bin/../lib/gcc/xtensa-esp32-elf/8.4.0/../../../../xtensa-esp32-elf/lib/crt0.o /Users/nicklasborjesson/.platformio/packages/toolchain-xtensa-esp32/bin/../lib/gcc/xtensa-esp32-elf/8.4.0/crti.o /Users/nicklasborjesson/.platformio/packages/toolchain-xtensa-esp32/bin/../lib/gcc/xtensa-esp32-elf/8.4.0/crtbegin.o -L/Users/nicklasborjesson/.platformio/packages/toolchain-xtensa-esp32/bin/../lib/gcc/xtensa-esp32-elf/8.4.0 -L/Users/nicklasborjesson/.platformio/packages/toolchain-xtensa-esp32/bin/../lib/gcc -L/Users/nicklasborjesson/.platformio/packages/toolchain-xtensa-esp32/bin/../lib/gcc/xtensa-esp32-elf/8.4.0/../../../../xtensa-esp32-elf/lib CMakeFiles/cmTC_bd6a1.dir/CMakeCCompilerABI.c.obj -lgcc -lc -lnosys -lc -lgcc /Users/nicklasborjesson/.platformio/packages/toolchain-xtensa-esp32/bin/../lib/gcc/xtensa-esp32-elf/8.4.0/crtend.o /Users/nicklasborjesson/.platformio/packages/toolchain-xtensa-esp32/bin/../lib/gcc/xtensa-esp32-elf/8.4.0/crtn.o]
    arg [/Users/nicklasborjesson/.platformio/packages/toolchain-xtensa-esp32/bin/../libexec/gcc/xtensa-esp32-elf/8.4.0/collect2] ==> ignore
    arg [-plugin] ==> ignore
    arg [/Users/nicklasborjesson/.platformio/packages/toolchain-xtensa-esp32/bin/../libexec/gcc/xtensa-esp32-elf/8.4.0/liblto_plugin.so] ==> ignore
    arg [-plugin-opt=/Users/nicklasborjesson/.platformio/packages/toolchain-xtensa-esp32/bin/../libexec/gcc/xtensa-esp32-elf/8.4.0/lto-wrapper] ==> ignore
    arg [-plugin-opt=-fresolution=/var/folders/f_/mgcm9t8d3fq3gtkw7_1nftn40000gn/T//ccl7cY0X.res] ==> ignore
    arg [-plugin-opt=-pass-through=-lgcc] ==> ignore
    arg [-plugin-opt=-pass-through=-lc] ==> ignore
    arg [-plugin-opt=-pass-through=-lnosys] ==> ignore
    arg [-plugin-opt=-pass-through=-lc] ==> ignore
    arg [-plugin-opt=-pass-through=-lgcc] ==> ignore
    arg [-o] ==> ignore
    arg [cmTC_bd6a1] ==> ignore
    arg [/Users/nicklasborjesson/.platformio/packages/toolchain-xtensa-esp32/bin/../lib/gcc/xtensa-esp32-elf/8.4.0/../../../../xtensa-esp32-elf/lib/crt0.o] ==> ignore
    arg [/Users/nicklasborjesson/.platformio/packages/toolchain-xtensa-esp32/bin/../lib/gcc/xtensa-esp32-elf/8.4.0/crti.o] ==> ignore
    arg [/Users/nicklasborjesson/.platformio/packages/toolchain-xtensa-esp32/bin/../lib/gcc/xtensa-esp32-elf/8.4.0/crtbegin.o] ==> ignore
    arg [-L/Users/nicklasborjesson/.platformio/packages/toolchain-xtensa-esp32/bin/../lib/gcc/xtensa-esp32-elf/8.4.0] ==> dir [/Users/nicklasborjesson/.platformio/packages/toolchain-xtensa-esp32/bin/../lib/gcc/xtensa-esp32-elf/8.4.0]
    arg [-L/Users/nicklasborjesson/.platformio/packages/toolchain-xtensa-esp32/bin/../lib/gcc] ==> dir [/Users/nicklasborjesson/.platformio/packages/toolchain-xtensa-esp32/bin/../lib/gcc]
    arg [-L/Users/nicklasborjesson/.platformio/packages/toolchain-xtensa-esp32/bin/../lib/gcc/xtensa-esp32-elf/8.4.0/../../../../xtensa-esp32-elf/lib] ==> dir [/Users/nicklasborjesson/.platformio/packages/toolchain-xtensa-esp32/bin/../lib/gcc/xtensa-esp32-elf/8.4.0/../../../../xtensa-esp32-elf/lib]
    arg [CMakeFiles/cmTC_bd6a1.dir/CMakeCCompilerABI.c.obj] ==> ignore
    arg [-lgcc] ==> lib [gcc]
    arg [-lc] ==> lib [c]
    arg [-lnosys] ==> lib [nosys]
    arg [-lc] ==> lib [c]
    arg [-lgcc] ==> lib [gcc]
    arg [/Users/nicklasborjesson/.platformio/packages/toolchain-xtensa-esp32/bin/../lib/gcc/xtensa-esp32-elf/8.4.0/crtend.o] ==> ignore
    arg [/Users/nicklasborjesson/.platformio/packages/toolchain-xtensa-esp32/bin/../lib/gcc/xtensa-esp32-elf/8.4.0/crtn.o] ==> ignore
  collapse library dir [/Users/nicklasborjesson/.platformio/packages/toolchain-xtensa-esp32/bin/../lib/gcc/xtensa-esp32-elf/8.4.0] ==> [/Users/nicklasborjesson/.platformio/packages/toolchain-xtensa-esp32/lib/gcc/xtensa-esp32-elf/8.4.0]
  collapse library dir [/Users/nicklasborjesson/.platformio/packages/toolchain-xtensa-esp32/bin/../lib/gcc] ==> [/Users/nicklasborjesson/.platformio/packages/toolchain-xtensa-esp32/lib/gcc]
  collapse library dir [/Users/nicklasborjesson/.platformio/packages/toolchain-xtensa-esp32/bin/../lib/gcc/xtensa-esp32-elf/8.4.0/../../../../xtensa-esp32-elf/lib] ==> [/Users/nicklasborjesson/.platformio/packages/toolchain-xtensa-esp32/xtensa-esp32-elf/lib]
  implicit libs: [gcc;c;nosys;c;gcc]
  implicit dirs: [/Users/nicklasborjesson/.platformio/packages/toolchain-xtensa-esp32/lib/gcc/xtensa-esp32-elf/8.4.0;/Users/nicklasborjesson/.platformio/packages/toolchain-xtensa-esp32/lib/gcc;/Users/nicklasborjesson/.platformio/packages/toolchain-xtensa-esp32/xtensa-esp32-elf/lib]
  implicit fwks: []


Determining if the CXX compiler works passed with the following output:
Change Dir: /Users/nicklasborjesson/Documents/PlatformIO/Projects/lvgl_test2/.pio/build/esp-wrover-kit/CMakeFiles/CMakeTmp

Run Build Command(s):/Users/nicklasborjesson/.platformio/packages/tool-ninja/ninja cmTC_1abb4 && [1/2] Building CXX object CMakeFiles/cmTC_1abb4.dir/testCXXCompiler.cxx.obj
[2/2] Linking CXX executable cmTC_1abb4



Detecting CXX compiler ABI info compiled with the following output:
Change Dir: /Users/nicklasborjesson/Documents/PlatformIO/Projects/lvgl_test2/.pio/build/esp-wrover-kit/CMakeFiles/CMakeTmp

Run Build Command(s):/Users/nicklasborjesson/.platformio/packages/tool-ninja/ninja cmTC_e3b36 && [1/2] Building CXX object CMakeFiles/cmTC_e3b36.dir/CMakeCXXCompilerABI.cpp.obj
Using built-in specs.
COLLECT_GCC=/Users/nicklasborjesson/.platformio/packages/toolchain-xtensa-esp32/bin/xtensa-esp32-elf-g++
Target: xtensa-esp32-elf
Configured with: /builds/idf/crosstool-NG/.build/HOST-x86_64-apple-darwin12/xtensa-esp32-elf/src/gcc/configure --build=x86_64-build_pc-linux-gnu --host=x86_64-host_apple-darwin12 --target=xtensa-esp32-elf --prefix=/builds/idf/crosstool-NG/builds/xtensa-esp32-elf --with-local-prefix=/builds/idf/crosstool-NG/builds/xtensa-esp32-elf/xtensa-esp32-elf --with-headers=/builds/idf/crosstool-NG/builds/xtensa-esp32-elf/xtensa-esp32-elf/include --with-newlib --enable-threads=no --disable-shared --with-pkgversion='crosstool-NG esp-2021r2-patch2' --disable-__cxa_atexit --enable-cxx-flags=-ffunction-sections --disable-libgomp --disable-libmudflap --disable-libmpx --disable-libssp --disable-libquadmath --disable-libquadmath-support --with-gmp=/builds/idf/crosstool-NG/.build/HOST-x86_64-apple-darwin12/xtensa-esp32-elf/buildtools/complibs-host --with-mpfr=/builds/idf/crosstool-NG/.build/HOST-x86_64-apple-darwin12/xtensa-esp32-elf/buildtools/complibs-host --with-mpc=/builds/idf/crosstool-NG/.build/HOST-x86_64-apple-darwin12/xtensa-esp32-elf/buildtools/complibs-host --with-isl=/builds/idf/crosstool-NG/.build/HOST-x86_64-apple-darwin12/xtensa-esp32-elf/buildtools/complibs-host --enable-lto --enable-target-optspace --without-long-double-128 --disable-nls --enable-multiarch --enable-languages=c,c++ --disable-libstdcxx-verbose --enable-threads=posix --enable-gcov-custom-rtio --enable-libstdcxx-time=yes
Thread model: posix
gcc version 8.4.0 (crosstool-NG esp-2021r2-patch2) 
COLLECT_GCC_OPTIONS='-mlongcalls' '-Wno-frame-address' '-v' '-o' 'CMakeFiles/cmTC_e3b36.dir/CMakeCXXCompilerABI.cpp.obj' '-c'
 /Users/nicklasborjesson/.platformio/packages/toolchain-xtensa-esp32/bin/../libexec/gcc/xtensa-esp32-elf/8.4.0/cc1plus -quiet -v -iprefix /Users/nicklasborjesson/.platformio/packages/toolchain-xtensa-esp32/bin/../lib/gcc/xtensa-esp32-elf/8.4.0/ /Users/nicklasborjesson/.platformio/packages/tool-cmake/share/cmake-3.16/Modules/CMakeCXXCompilerABI.cpp -quiet -dumpbase CMakeCXXCompilerABI.cpp -mlongcalls -auxbase-strip CMakeFiles/cmTC_e3b36.dir/CMakeCXXCompilerABI.cpp.obj -Wno-frame-address -version -o /var/folders/f_/mgcm9t8d3fq3gtkw7_1nftn40000gn/T//cc4p3B4B.s
GNU C++14 (crosstool-NG esp-2021r2-patch2) version 8.4.0 (xtensa-esp32-elf)
	compiled by GNU C version 8.3.0, GMP version 6.2.0, MPFR version 4.0.2, MPC version 1.1.0, isl version isl-0.19-GMP

GGC heuristics: --param ggc-min-expand=100 --param ggc-min-heapsize=131072
ignoring duplicate directory "/Users/nicklasborjesson/.platformio/packages/toolchain-xtensa-esp32/bin/../lib/gcc/../../lib/gcc/xtensa-esp32-elf/8.4.0/../../../../xtensa-esp32-elf/include/c++/8.4.0"
ignoring duplicate directory "/Users/nicklasborjesson/.platformio/packages/toolchain-xtensa-esp32/bin/../lib/gcc/../../lib/gcc/xtensa-esp32-elf/8.4.0/../../../../xtensa-esp32-elf/include/c++/8.4.0/xtensa-esp32-elf"
ignoring duplicate directory "/Users/nicklasborjesson/.platformio/packages/toolchain-xtensa-esp32/bin/../lib/gcc/../../lib/gcc/xtensa-esp32-elf/8.4.0/../../../../xtensa-esp32-elf/include/c++/8.4.0/backward"
ignoring duplicate directory "/Users/nicklasborjesson/.platformio/packages/toolchain-xtensa-esp32/bin/../lib/gcc/../../lib/gcc/xtensa-esp32-elf/8.4.0/include"
ignoring duplicate directory "/Users/nicklasborjesson/.platformio/packages/toolchain-xtensa-esp32/bin/../lib/gcc/../../lib/gcc/xtensa-esp32-elf/8.4.0/include-fixed"
ignoring duplicate directory "/Users/nicklasborjesson/.platformio/packages/toolchain-xtensa-esp32/bin/../lib/gcc/../../lib/gcc/xtensa-esp32-elf/8.4.0/../../../../xtensa-esp32-elf/sys-include"
ignoring duplicate directory "/Users/nicklasborjesson/.platformio/packages/toolchain-xtensa-esp32/bin/../lib/gcc/../../lib/gcc/xtensa-esp32-elf/8.4.0/../../../../xtensa-esp32-elf/include"
#include "..." search starts here:
#include <...> search starts here:
 /Users/nicklasborjesson/.platformio/packages/toolchain-xtensa-esp32/bin/../lib/gcc/xtensa-esp32-elf/8.4.0/../../../../xtensa-esp32-elf/include/c++/8.4.0
 /Users/nicklasborjesson/.platformio/packages/toolchain-xtensa-esp32/bin/../lib/gcc/xtensa-esp32-elf/8.4.0/../../../../xtensa-esp32-elf/include/c++/8.4.0/xtensa-esp32-elf
 /Users/nicklasborjesson/.platformio/packages/toolchain-xtensa-esp32/bin/../lib/gcc/xtensa-esp32-elf/8.4.0/../../../../xtensa-esp32-elf/include/c++/8.4.0/backward
 /Users/nicklasborjesson/.platformio/packages/toolchain-xtensa-esp32/bin/../lib/gcc/xtensa-esp32-elf/8.4.0/include
 /Users/nicklasborjesson/.platformio/packages/toolchain-xtensa-esp32/bin/../lib/gcc/xtensa-esp32-elf/8.4.0/include-fixed
 /Users/nicklasborjesson/.platformio/packages/toolchain-xtensa-esp32/bin/../lib/gcc/xtensa-esp32-elf/8.4.0/../../../../xtensa-esp32-elf/sys-include
 /Users/nicklasborjesson/.platformio/packages/toolchain-xtensa-esp32/bin/../lib/gcc/xtensa-esp32-elf/8.4.0/../../../../xtensa-esp32-elf/include
End of search list.
GNU C++14 (crosstool-NG esp-2021r2-patch2) version 8.4.0 (xtensa-esp32-elf)
	compiled by GNU C version 8.3.0, GMP version 6.2.0, MPFR version 4.0.2, MPC version 1.1.0, isl version isl-0.19-GMP

GGC heuristics: --param ggc-min-expand=100 --param ggc-min-heapsize=131072
Compiler executable checksum: f75819c130d041bd7300f05f00ef4a00
COLLECT_GCC_OPTIONS='-mlongcalls' '-Wno-frame-address' '-v' '-o' 'CMakeFiles/cmTC_e3b36.dir/CMakeCXXCompilerABI.cpp.obj' '-c'
 /Users/nicklasborjesson/.platformio/packages/toolchain-xtensa-esp32/bin/../lib/gcc/xtensa-esp32-elf/8.4.0/../../../../xtensa-esp32-elf/bin/as --traditional-format --longcalls -o CMakeFiles/cmTC_e3b36.dir/CMakeCXXCompilerABI.cpp.obj /var/folders/f_/mgcm9t8d3fq3gtkw7_1nftn40000gn/T//cc4p3B4B.s
COMPILER_PATH=/Users/nicklasborjesson/.platformio/packages/toolchain-xtensa-esp32/bin/../libexec/gcc/xtensa-esp32-elf/8.4.0/:/Users/nicklasborjesson/.platformio/packages/toolchain-xtensa-esp32/bin/../libexec/gcc/:/Users/nicklasborjesson/.platformio/packages/toolchain-xtensa-esp32/bin/../lib/gcc/xtensa-esp32-elf/8.4.0/../../../../xtensa-esp32-elf/bin/
LIBRARY_PATH=/Users/nicklasborjesson/.platformio/packages/toolchain-xtensa-esp32/bin/../lib/gcc/xtensa-esp32-elf/8.4.0/:/Users/nicklasborjesson/.platformio/packages/toolchain-xtensa-esp32/bin/../lib/gcc/:/Users/nicklasborjesson/.platformio/packages/toolchain-xtensa-esp32/bin/../lib/gcc/xtensa-esp32-elf/8.4.0/../../../../xtensa-esp32-elf/lib/
COLLECT_GCC_OPTIONS='-mlongcalls' '-Wno-frame-address' '-v' '-o' 'CMakeFiles/cmTC_e3b36.dir/CMakeCXXCompilerABI.cpp.obj' '-c'
[2/2] Linking CXX executable cmTC_e3b36
Using built-in specs.
COLLECT_GCC=/Users/nicklasborjesson/.platformio/packages/toolchain-xtensa-esp32/bin/xtensa-esp32-elf-g++
COLLECT_LTO_WRAPPER=/Users/nicklasborjesson/.platformio/packages/toolchain-xtensa-esp32/bin/../libexec/gcc/xtensa-esp32-elf/8.4.0/lto-wrapper
Target: xtensa-esp32-elf
Configured with: /builds/idf/crosstool-NG/.build/HOST-x86_64-apple-darwin12/xtensa-esp32-elf/src/gcc/configure --build=x86_64-build_pc-linux-gnu --host=x86_64-host_apple-darwin12 --target=xtensa-esp32-elf --prefix=/builds/idf/crosstool-NG/builds/xtensa-esp32-elf --with-local-prefix=/builds/idf/crosstool-NG/builds/xtensa-esp32-elf/xtensa-esp32-elf --with-headers=/builds/idf/crosstool-NG/builds/xtensa-esp32-elf/xtensa-esp32-elf/include --with-newlib --enable-threads=no --disable-shared --with-pkgversion='crosstool-NG esp-2021r2-patch2' --disable-__cxa_atexit --enable-cxx-flags=-ffunction-sections --disable-libgomp --disable-libmudflap --disable-libmpx --disable-libssp --disable-libquadmath --disable-libquadmath-support --with-gmp=/builds/idf/crosstool-NG/.build/HOST-x86_64-apple-darwin12/xtensa-esp32-elf/buildtools/complibs-host --with-mpfr=/builds/idf/crosstool-NG/.build/HOST-x86_64-apple-darwin12/xtensa-esp32-elf/buildtools/complibs-host --with-mpc=/builds/idf/crosstool-NG/.build/HOST-x86_64-apple-darwin12/xtensa-esp32-elf/buildtools/complibs-host --with-isl=/builds/idf/crosstool-NG/.build/HOST-x86_64-apple-darwin12/xtensa-esp32-elf/buildtools/complibs-host --enable-lto --enable-target-optspace --without-long-double-128 --disable-nls --enable-multiarch --enable-languages=c,c++ --disable-libstdcxx-verbose --enable-threads=posix --enable-gcov-custom-rtio --enable-libstdcxx-time=yes
Thread model: posix
gcc version 8.4.0 (crosstool-NG esp-2021r2-patch2) 
COMPILER_PATH=/Users/nicklasborjesson/.platformio/packages/toolchain-xtensa-esp32/bin/../libexec/gcc/xtensa-esp32-elf/8.4.0/:/Users/nicklasborjesson/.platformio/packages/toolchain-xtensa-esp32/bin/../libexec/gcc/:/Users/nicklasborjesson/.platformio/packages/toolchain-xtensa-esp32/bin/../lib/gcc/xtensa-esp32-elf/8.4.0/../../../../xtensa-esp32-elf/bin/
LIBRARY_PATH=/Users/nicklasborjesson/.platformio/packages/toolchain-xtensa-esp32/bin/../lib/gcc/xtensa-esp32-elf/8.4.0/:/Users/nicklasborjesson/.platformio/packages/toolchain-xtensa-esp32/bin/../lib/gcc/:/Users/nicklasborjesson/.platformio/packages/toolchain-xtensa-esp32/bin/../lib/gcc/xtensa-esp32-elf/8.4.0/../../../../xtensa-esp32-elf/lib/
COLLECT_GCC_OPTIONS='-mlongcalls' '-Wno-frame-address' '-v' '-o' 'cmTC_e3b36'
 /Users/nicklasborjesson/.platformio/packages/toolchain-xtensa-esp32/bin/../libexec/gcc/xtensa-esp32-elf/8.4.0/collect2 -plugin /Users/nicklasborjesson/.platformio/packages/toolchain-xtensa-esp32/bin/../libexec/gcc/xtensa-esp32-elf/8.4.0/liblto_plugin.so -plugin-opt=/Users/nicklasborjesson/.platformio/packages/toolchain-xtensa-esp32/bin/../libexec/gcc/xtensa-esp32-elf/8.4.0/lto-wrapper -plugin-opt=-fresolution=/var/folders/f_/mgcm9t8d3fq3gtkw7_1nftn40000gn/T//cc2E8kcA.res -plugin-opt=-pass-through=-lgcc -plugin-opt=-pass-through=-lc -plugin-opt=-pass-through=-lnosys -plugin-opt=-pass-through=-lc -plugin-opt=-pass-through=-lgcc -o cmTC_e3b36 /Users/nicklasborjesson/.platformio/packages/toolchain-xtensa-esp32/bin/../lib/gcc/xtensa-esp32-elf/8.4.0/../../../../xtensa-esp32-elf/lib/crt0.o /Users/nicklasborjesson/.platformio/packages/toolchain-xtensa-esp32/bin/../lib/gcc/xtensa-esp32-elf/8.4.0/crti.o /Users/nicklasborjesson/.platformio/packages/toolchain-xtensa-esp32/bin/../lib/gcc/xtensa-esp32-elf/8.4.0/crtbegin.o -L/Users/nicklasborjesson/.platformio/packages/toolchain-xtensa-esp32/bin/../lib/gcc/xtensa-esp32-elf/8.4.0 -L/Users/nicklasborjesson/.platformio/packages/toolchain-xtensa-esp32/bin/../lib/gcc -L/Users/nicklasborjesson/.platformio/packages/toolchain-xtensa-esp32/bin/../lib/gcc/xtensa-esp32-elf/8.4.0/../../../../xtensa-esp32-elf/lib CMakeFiles/cmTC_e3b36.dir/CMakeCXXCompilerABI.cpp.obj -lstdc++ -lm -lgcc -lc -lnosys -lc -lgcc /Users/nicklasborjesson/.platformio/packages/toolchain-xtensa-esp32/bin/../lib/gcc/xtensa-esp32-elf/8.4.0/crtend.o /Users/nicklasborjesson/.platformio/packages/toolchain-xtensa-esp32/bin/../lib/gcc/xtensa-esp32-elf/8.4.0/crtn.o
COLLECT_GCC_OPTIONS='-mlongcalls' '-Wno-frame-address' '-v' '-o' 'cmTC_e3b36'



Parsed CXX implicit include dir info from above output: rv=done
  found start of include info
  found start of implicit include info
    add: [/Users/nicklasborjesson/.platformio/packages/toolchain-xtensa-esp32/bin/../lib/gcc/xtensa-esp32-elf/8.4.0/../../../../xtensa-esp32-elf/include/c++/8.4.0]
    add: [/Users/nicklasborjesson/.platformio/packages/toolchain-xtensa-esp32/bin/../lib/gcc/xtensa-esp32-elf/8.4.0/../../../../xtensa-esp32-elf/include/c++/8.4.0/xtensa-esp32-elf]
    add: [/Users/nicklasborjesson/.platformio/packages/toolchain-xtensa-esp32/bin/../lib/gcc/xtensa-esp32-elf/8.4.0/../../../../xtensa-esp32-elf/include/c++/8.4.0/backward]
    add: [/Users/nicklasborjesson/.platformio/packages/toolchain-xtensa-esp32/bin/../lib/gcc/xtensa-esp32-elf/8.4.0/include]
    add: [/Users/nicklasborjesson/.platformio/packages/toolchain-xtensa-esp32/bin/../lib/gcc/xtensa-esp32-elf/8.4.0/include-fixed]
    add: [/Users/nicklasborjesson/.platformio/packages/toolchain-xtensa-esp32/bin/../lib/gcc/xtensa-esp32-elf/8.4.0/../../../../xtensa-esp32-elf/sys-include]
    add: [/Users/nicklasborjesson/.platformio/packages/toolchain-xtensa-esp32/bin/../lib/gcc/xtensa-esp32-elf/8.4.0/../../../../xtensa-esp32-elf/include]
  end of search list found
  collapse include dir [/Users/nicklasborjesson/.platformio/packages/toolchain-xtensa-esp32/bin/../lib/gcc/xtensa-esp32-elf/8.4.0/../../../../xtensa-esp32-elf/include/c++/8.4.0] ==> [/Users/nicklasborjesson/.platformio/packages/toolchain-xtensa-esp32/xtensa-esp32-elf/include/c++/8.4.0]
  collapse include dir [/Users/nicklasborjesson/.platformio/packages/toolchain-xtensa-esp32/bin/../lib/gcc/xtensa-esp32-elf/8.4.0/../../../../xtensa-esp32-elf/include/c++/8.4.0/xtensa-esp32-elf] ==> [/Users/nicklasborjesson/.platformio/packages/toolchain-xtensa-esp32/xtensa-esp32-elf/include/c++/8.4.0/xtensa-esp32-elf]
  collapse include dir [/Users/nicklasborjesson/.platformio/packages/toolchain-xtensa-esp32/bin/../lib/gcc/xtensa-esp32-elf/8.4.0/../../../../xtensa-esp32-elf/include/c++/8.4.0/backward] ==> [/Users/nicklasborjesson/.platformio/packages/toolchain-xtensa-esp32/xtensa-esp32-elf/include/c++/8.4.0/backward]
  collapse include dir [/Users/nicklasborjesson/.platformio/packages/toolchain-xtensa-esp32/bin/../lib/gcc/xtensa-esp32-elf/8.4.0/include] ==> [/Users/nicklasborjesson/.platformio/packages/toolchain-xtensa-esp32/lib/gcc/xtensa-esp32-elf/8.4.0/include]
  collapse include dir [/Users/nicklasborjesson/.platformio/packages/toolchain-xtensa-esp32/bin/../lib/gcc/xtensa-esp32-elf/8.4.0/include-fixed] ==> [/Users/nicklasborjesson/.platformio/packages/toolchain-xtensa-esp32/lib/gcc/xtensa-esp32-elf/8.4.0/include-fixed]
  collapse include dir [/Users/nicklasborjesson/.platformio/packages/toolchain-xtensa-esp32/bin/../lib/gcc/xtensa-esp32-elf/8.4.0/../../../../xtensa-esp32-elf/sys-include] ==> [/Users/nicklasborjesson/.platformio/packages/toolchain-xtensa-esp32/xtensa-esp32-elf/sys-include]
  collapse include dir [/Users/nicklasborjesson/.platformio/packages/toolchain-xtensa-esp32/bin/../lib/gcc/xtensa-esp32-elf/8.4.0/../../../../xtensa-esp32-elf/include] ==> [/Users/nicklasborjesson/.platformio/packages/toolchain-xtensa-esp32/xtensa-esp32-elf/include]
  implicit include dirs: [/Users/nicklasborjesson/.platformio/packages/toolchain-xtensa-esp32/xtensa-esp32-elf/include/c++/8.4.0;/Users/nicklasborjesson/.platformio/packages/toolchain-xtensa-esp32/xtensa-esp32-elf/include/c++/8.4.0/xtensa-esp32-elf;/Users/nicklasborjesson/.platformio/packages/toolchain-xtensa-esp32/xtensa-esp32-elf/include/c++/8.4.0/backward;/Users/nicklasborjesson/.platformio/packages/toolchain-xtensa-esp32/lib/gcc/xtensa-esp32-elf/8.4.0/include;/Users/nicklasborjesson/.platformio/packages/toolchain-xtensa-esp32/lib/gcc/xtensa-esp32-elf/8.4.0/include-fixed;/Users/nicklasborjesson/.platformio/packages/toolchain-xtensa-esp32/xtensa-esp32-elf/sys-include;/Users/nicklasborjesson/.platformio/packages/toolchain-xtensa-esp32/xtensa-esp32-elf/include]


Parsed CXX implicit link information from above output:
  link line regex: [^( *|.*[/\])(xtensa-esp32-elf-ld|CMAKE_LINK_STARTFILE-NOTFOUND|([^/\]+-)?ld|collect2)[^/\]*( |$)]
  ignore line: [Change Dir: /Users/nicklasborjesson/Documents/PlatformIO/Projects/lvgl_test2/.pio/build/esp-wrover-kit/CMakeFiles/CMakeTmp]
  ignore line: []
  ignore line: [Run Build Command(s):/Users/nicklasborjesson/.platformio/packages/tool-ninja/ninja cmTC_e3b36 && [1/2] Building CXX object CMakeFiles/cmTC_e3b36.dir/CMakeCXXCompilerABI.cpp.obj]
  ignore line: [Using built-in specs.]
  ignore line: [COLLECT_GCC=/Users/nicklasborjesson/.platformio/packages/toolchain-xtensa-esp32/bin/xtensa-esp32-elf-g++]
  ignore line: [Target: xtensa-esp32-elf]
  ignore line: [Configured with: /builds/idf/crosstool-NG/.build/HOST-x86_64-apple-darwin12/xtensa-esp32-elf/src/gcc/configure --build=x86_64-build_pc-linux-gnu --host=x86_64-host_apple-darwin12 --target=xtensa-esp32-elf --prefix=/builds/idf/crosstool-NG/builds/xtensa-esp32-elf --with-local-prefix=/builds/idf/crosstool-NG/builds/xtensa-esp32-elf/xtensa-esp32-elf --with-headers=/builds/idf/crosstool-NG/builds/xtensa-esp32-elf/xtensa-esp32-elf/include --with-newlib --enable-threads=no --disable-shared --with-pkgversion='crosstool-NG esp-2021r2-patch2' --disable-__cxa_atexit --enable-cxx-flags=-ffunction-sections --disable-libgomp --disable-libmudflap --disable-libmpx --disable-libssp --disable-libquadmath --disable-libquadmath-support --with-gmp=/builds/idf/crosstool-NG/.build/HOST-x86_64-apple-darwin12/xtensa-esp32-elf/buildtools/complibs-host --with-mpfr=/builds/idf/crosstool-NG/.build/HOST-x86_64-apple-darwin12/xtensa-esp32-elf/buildtools/complibs-host --with-mpc=/builds/idf/crosstool-NG/.build/HOST-x86_64-apple-darwin12/xtensa-esp32-elf/buildtools/complibs-host --with-isl=/builds/idf/crosstool-NG/.build/HOST-x86_64-apple-darwin12/xtensa-esp32-elf/buildtools/complibs-host --enable-lto --enable-target-optspace --without-long-double-128 --disable-nls --enable-multiarch --enable-languages=c c++ --disable-libstdcxx-verbose --enable-threads=posix --enable-gcov-custom-rtio --enable-libstdcxx-time=yes]
  ignore line: [Thread model: posix]
  ignore line: [gcc version 8.4.0 (crosstool-NG esp-2021r2-patch2) ]
  ignore line: [COLLECT_GCC_OPTIONS='-mlongcalls' '-Wno-frame-address' '-v' '-o' 'CMakeFiles/cmTC_e3b36.dir/CMakeCXXCompilerABI.cpp.obj' '-c']
  ignore line: [ /Users/nicklasborjesson/.platformio/packages/toolchain-xtensa-esp32/bin/../libexec/gcc/xtensa-esp32-elf/8.4.0/cc1plus -quiet -v -iprefix /Users/nicklasborjesson/.platformio/packages/toolchain-xtensa-esp32/bin/../lib/gcc/xtensa-esp32-elf/8.4.0/ /Users/nicklasborjesson/.platformio/packages/tool-cmake/share/cmake-3.16/Modules/CMakeCXXCompilerABI.cpp -quiet -dumpbase CMakeCXXCompilerABI.cpp -mlongcalls -auxbase-strip CMakeFiles/cmTC_e3b36.dir/CMakeCXXCompilerABI.cpp.obj -Wno-frame-address -version -o /var/folders/f_/mgcm9t8d3fq3gtkw7_1nftn40000gn/T//cc4p3B4B.s]
  ignore line: [GNU C++14 (crosstool-NG esp-2021r2-patch2) version 8.4.0 (xtensa-esp32-elf)]
  ignore line: [	compiled by GNU C version 8.3.0  GMP version 6.2.0  MPFR version 4.0.2  MPC version 1.1.0  isl version isl-0.19-GMP]
  ignore line: []
  ignore line: [GGC heuristics: --param ggc-min-expand=100 --param ggc-min-heapsize=131072]
  ignore line: [ignoring duplicate directory "/Users/nicklasborjesson/.platformio/packages/toolchain-xtensa-esp32/bin/../lib/gcc/../../lib/gcc/xtensa-esp32-elf/8.4.0/../../../../xtensa-esp32-elf/include/c++/8.4.0"]
  ignore line: [ignoring duplicate directory "/Users/nicklasborjesson/.platformio/packages/toolchain-xtensa-esp32/bin/../lib/gcc/../../lib/gcc/xtensa-esp32-elf/8.4.0/../../../../xtensa-esp32-elf/include/c++/8.4.0/xtensa-esp32-elf"]
  ignore line: [ignoring duplicate directory "/Users/nicklasborjesson/.platformio/packages/toolchain-xtensa-esp32/bin/../lib/gcc/../../lib/gcc/xtensa-esp32-elf/8.4.0/../../../../xtensa-esp32-elf/include/c++/8.4.0/backward"]
  ignore line: [ignoring duplicate directory "/Users/nicklasborjesson/.platformio/packages/toolchain-xtensa-esp32/bin/../lib/gcc/../../lib/gcc/xtensa-esp32-elf/8.4.0/include"]
  ignore line: [ignoring duplicate directory "/Users/nicklasborjesson/.platformio/packages/toolchain-xtensa-esp32/bin/../lib/gcc/../../lib/gcc/xtensa-esp32-elf/8.4.0/include-fixed"]
  ignore line: [ignoring duplicate directory "/Users/nicklasborjesson/.platformio/packages/toolchain-xtensa-esp32/bin/../lib/gcc/../../lib/gcc/xtensa-esp32-elf/8.4.0/../../../../xtensa-esp32-elf/sys-include"]
  ignore line: [ignoring duplicate directory "/Users/nicklasborjesson/.platformio/packages/toolchain-xtensa-esp32/bin/../lib/gcc/../../lib/gcc/xtensa-esp32-elf/8.4.0/../../../../xtensa-esp32-elf/include"]
  ignore line: [#include "..." search starts here:]
  ignore line: [#include <...> search starts here:]
  ignore line: [ /Users/nicklasborjesson/.platformio/packages/toolchain-xtensa-esp32/bin/../lib/gcc/xtensa-esp32-elf/8.4.0/../../../../xtensa-esp32-elf/include/c++/8.4.0]
  ignore line: [ /Users/nicklasborjesson/.platformio/packages/toolchain-xtensa-esp32/bin/../lib/gcc/xtensa-esp32-elf/8.4.0/../../../../xtensa-esp32-elf/include/c++/8.4.0/xtensa-esp32-elf]
  ignore line: [ /Users/nicklasborjesson/.platformio/packages/toolchain-xtensa-esp32/bin/../lib/gcc/xtensa-esp32-elf/8.4.0/../../../../xtensa-esp32-elf/include/c++/8.4.0/backward]
  ignore line: [ /Users/nicklasborjesson/.platformio/packages/toolchain-xtensa-esp32/bin/../lib/gcc/xtensa-esp32-elf/8.4.0/include]
  ignore line: [ /Users/nicklasborjesson/.platformio/packages/toolchain-xtensa-esp32/bin/../lib/gcc/xtensa-esp32-elf/8.4.0/include-fixed]
  ignore line: [ /Users/nicklasborjesson/.platformio/packages/toolchain-xtensa-esp32/bin/../lib/gcc/xtensa-esp32-elf/8.4.0/../../../../xtensa-esp32-elf/sys-include]
  ignore line: [ /Users/nicklasborjesson/.platformio/packages/toolchain-xtensa-esp32/bin/../lib/gcc/xtensa-esp32-elf/8.4.0/../../../../xtensa-esp32-elf/include]
  ignore line: [End of search list.]
  ignore line: [GNU C++14 (crosstool-NG esp-2021r2-patch2) version 8.4.0 (xtensa-esp32-elf)]
  ignore line: [	compiled by GNU C version 8.3.0  GMP version 6.2.0  MPFR version 4.0.2  MPC version 1.1.0  isl version isl-0.19-GMP]
  ignore line: []
  ignore line: [GGC heuristics: --param ggc-min-expand=100 --param ggc-min-heapsize=131072]
  ignore line: [Compiler executable checksum: f75819c130d041bd7300f05f00ef4a00]
  ignore line: [COLLECT_GCC_OPTIONS='-mlongcalls' '-Wno-frame-address' '-v' '-o' 'CMakeFiles/cmTC_e3b36.dir/CMakeCXXCompilerABI.cpp.obj' '-c']
  ignore line: [ /Users/nicklasborjesson/.platformio/packages/toolchain-xtensa-esp32/bin/../lib/gcc/xtensa-esp32-elf/8.4.0/../../../../xtensa-esp32-elf/bin/as --traditional-format --longcalls -o CMakeFiles/cmTC_e3b36.dir/CMakeCXXCompilerABI.cpp.obj /var/folders/f_/mgcm9t8d3fq3gtkw7_1nftn40000gn/T//cc4p3B4B.s]
  ignore line: [COMPILER_PATH=/Users/nicklasborjesson/.platformio/packages/toolchain-xtensa-esp32/bin/../libexec/gcc/xtensa-esp32-elf/8.4.0/:/Users/nicklasborjesson/.platformio/packages/toolchain-xtensa-esp32/bin/../libexec/gcc/:/Users/nicklasborjesson/.platformio/packages/toolchain-xtensa-esp32/bin/../lib/gcc/xtensa-esp32-elf/8.4.0/../../../../xtensa-esp32-elf/bin/]
  ignore line: [LIBRARY_PATH=/Users/nicklasborjesson/.platformio/packages/toolchain-xtensa-esp32/bin/../lib/gcc/xtensa-esp32-elf/8.4.0/:/Users/nicklasborjesson/.platformio/packages/toolchain-xtensa-esp32/bin/../lib/gcc/:/Users/nicklasborjesson/.platformio/packages/toolchain-xtensa-esp32/bin/../lib/gcc/xtensa-esp32-elf/8.4.0/../../../../xtensa-esp32-elf/lib/]
  ignore line: [COLLECT_GCC_OPTIONS='-mlongcalls' '-Wno-frame-address' '-v' '-o' 'CMakeFiles/cmTC_e3b36.dir/CMakeCXXCompilerABI.cpp.obj' '-c']
  ignore line: [[2/2] Linking CXX executable cmTC_e3b36]
  ignore line: [Using built-in specs.]
  ignore line: [COLLECT_GCC=/Users/nicklasborjesson/.platformio/packages/toolchain-xtensa-esp32/bin/xtensa-esp32-elf-g++]
  ignore line: [COLLECT_LTO_WRAPPER=/Users/nicklasborjesson/.platformio/packages/toolchain-xtensa-esp32/bin/../libexec/gcc/xtensa-esp32-elf/8.4.0/lto-wrapper]
  ignore line: [Target: xtensa-esp32-elf]
  ignore line: [Configured with: /builds/idf/crosstool-NG/.build/HOST-x86_64-apple-darwin12/xtensa-esp32-elf/src/gcc/configure --build=x86_64-build_pc-linux-gnu --host=x86_64-host_apple-darwin12 --target=xtensa-esp32-elf --prefix=/builds/idf/crosstool-NG/builds/xtensa-esp32-elf --with-local-prefix=/builds/idf/crosstool-NG/builds/xtensa-esp32-elf/xtensa-esp32-elf --with-headers=/builds/idf/crosstool-NG/builds/xtensa-esp32-elf/xtensa-esp32-elf/include --with-newlib --enable-threads=no --disable-shared --with-pkgversion='crosstool-NG esp-2021r2-patch2' --disable-__cxa_atexit --enable-cxx-flags=-ffunction-sections --disable-libgomp --disable-libmudflap --disable-libmpx --disable-libssp --disable-libquadmath --disable-libquadmath-support --with-gmp=/builds/idf/crosstool-NG/.build/HOST-x86_64-apple-darwin12/xtensa-esp32-elf/buildtools/complibs-host --with-mpfr=/builds/idf/crosstool-NG/.build/HOST-x86_64-apple-darwin12/xtensa-esp32-elf/buildtools/complibs-host --with-mpc=/builds/idf/crosstool-NG/.build/HOST-x86_64-apple-darwin12/xtensa-esp32-elf/buildtools/complibs-host --with-isl=/builds/idf/crosstool-NG/.build/HOST-x86_64-apple-darwin12/xtensa-esp32-elf/buildtools/complibs-host --enable-lto --enable-target-optspace --without-long-double-128 --disable-nls --enable-multiarch --enable-languages=c c++ --disable-libstdcxx-verbose --enable-threads=posix --enable-gcov-custom-rtio --enable-libstdcxx-time=yes]
  ignore line: [Thread model: posix]
  ignore line: [gcc version 8.4.0 (crosstool-NG esp-2021r2-patch2) ]
  ignore line: [COMPILER_PATH=/Users/nicklasborjesson/.platformio/packages/toolchain-xtensa-esp32/bin/../libexec/gcc/xtensa-esp32-elf/8.4.0/:/Users/nicklasborjesson/.platformio/packages/toolchain-xtensa-esp32/bin/../libexec/gcc/:/Users/nicklasborjesson/.platformio/packages/toolchain-xtensa-esp32/bin/../lib/gcc/xtensa-esp32-elf/8.4.0/../../../../xtensa-esp32-elf/bin/]
  ignore line: [LIBRARY_PATH=/Users/nicklasborjesson/.platformio/packages/toolchain-xtensa-esp32/bin/../lib/gcc/xtensa-esp32-elf/8.4.0/:/Users/nicklasborjesson/.platformio/packages/toolchain-xtensa-esp32/bin/../lib/gcc/:/Users/nicklasborjesson/.platformio/packages/toolchain-xtensa-esp32/bin/../lib/gcc/xtensa-esp32-elf/8.4.0/../../../../xtensa-esp32-elf/lib/]
  ignore line: [COLLECT_GCC_OPTIONS='-mlongcalls' '-Wno-frame-address' '-v' '-o' 'cmTC_e3b36']
  link line: [ /Users/nicklasborjesson/.platformio/packages/toolchain-xtensa-esp32/bin/../libexec/gcc/xtensa-esp32-elf/8.4.0/collect2 -plugin /Users/nicklasborjesson/.platformio/packages/toolchain-xtensa-esp32/bin/../libexec/gcc/xtensa-esp32-elf/8.4.0/liblto_plugin.so -plugin-opt=/Users/nicklasborjesson/.platformio/packages/toolchain-xtensa-esp32/bin/../libexec/gcc/xtensa-esp32-elf/8.4.0/lto-wrapper -plugin-opt=-fresolution=/var/folders/f_/mgcm9t8d3fq3gtkw7_1nftn40000gn/T//cc2E8kcA.res -plugin-opt=-pass-through=-lgcc -plugin-opt=-pass-through=-lc -plugin-opt=-pass-through=-lnosys -plugin-opt=-pass-through=-lc -plugin-opt=-pass-through=-lgcc -o cmTC_e3b36 /Users/nicklasborjesson/.platformio/packages/toolchain-xtensa-esp32/bin/../lib/gcc/xtensa-esp32-elf/8.4.0/../../../../xtensa-esp32-elf/lib/crt0.o /Users/nicklasborjesson/.platformio/packages/toolchain-xtensa-esp32/bin/../lib/gcc/xtensa-esp32-elf/8.4.0/crti.o /Users/nicklasborjesson/.platformio/packages/toolchain-xtensa-esp32/bin/../lib/gcc/xtensa-esp32-elf/8.4.0/crtbegin.o -L/Users/nicklasborjesson/.platformio/packages/toolchain-xtensa-esp32/bin/../lib/gcc/xtensa-esp32-elf/8.4.0 -L/Users/nicklasborjesson/.platformio/packages/toolchain-xtensa-esp32/bin/../lib/gcc -L/Users/nicklasborjesson/.platformio/packages/toolchain-xtensa-esp32/bin/../lib/gcc/xtensa-esp32-elf/8.4.0/../../../../xtensa-esp32-elf/lib CMakeFiles/cmTC_e3b36.dir/CMakeCXXCompilerABI.cpp.obj -lstdc++ -lm -lgcc -lc -lnosys -lc -lgcc /Users/nicklasborjesson/.platformio/packages/toolchain-xtensa-esp32/bin/../lib/gcc/xtensa-esp32-elf/8.4.0/crtend.o /Users/nicklasborjesson/.platformio/packages/toolchain-xtensa-esp32/bin/../lib/gcc/xtensa-esp32-elf/8.4.0/crtn.o]
    arg [/Users/nicklasborjesson/.platformio/packages/toolchain-xtensa-esp32/bin/../libexec/gcc/xtensa-esp32-elf/8.4.0/collect2] ==> ignore
    arg [-plugin] ==> ignore
    arg [/Users/nicklasborjesson/.platformio/packages/toolchain-xtensa-esp32/bin/../libexec/gcc/xtensa-esp32-elf/8.4.0/liblto_plugin.so] ==> ignore
    arg [-plugin-opt=/Users/nicklasborjesson/.platformio/packages/toolchain-xtensa-esp32/bin/../libexec/gcc/xtensa-esp32-elf/8.4.0/lto-wrapper] ==> ignore
    arg [-plugin-opt=-fresolution=/var/folders/f_/mgcm9t8d3fq3gtkw7_1nftn40000gn/T//cc2E8kcA.res] ==> ignore
    arg [-plugin-opt=-pass-through=-lgcc] ==> ignore
    arg [-plugin-opt=-pass-through=-lc] ==> ignore
    arg [-plugin-opt=-pass-through=-lnosys] ==> ignore
    arg [-plugin-opt=-pass-through=-lc] ==> ignore
    arg [-plugin-opt=-pass-through=-lgcc] ==> ignore
    arg [-o] ==> ignore
    arg [cmTC_e3b36] ==> ignore
    arg [/Users/nicklasborjesson/.platformio/packages/toolchain-xtensa-esp32/bin/../lib/gcc/xtensa-esp32-elf/8.4.0/../../../../xtensa-esp32-elf/lib/crt0.o] ==> ignore
    arg [/Users/nicklasborjesson/.platformio/packages/toolchain-xtensa-esp32/bin/../lib/gcc/xtensa-esp32-elf/8.4.0/crti.o] ==> ignore
    arg [/Users/nicklasborjesson/.platformio/packages/toolchain-xtensa-esp32/bin/../lib/gcc/xtensa-esp32-elf/8.4.0/crtbegin.o] ==> ignore
    arg [-L/Users/nicklasborjesson/.platformio/packages/toolchain-xtensa-esp32/bin/../lib/gcc/xtensa-esp32-elf/8.4.0] ==> dir [/Users/nicklasborjesson/.platformio/packages/toolchain-xtensa-esp32/bin/../lib/gcc/xtensa-esp32-elf/8.4.0]
    arg [-L/Users/nicklasborjesson/.platformio/packages/toolchain-xtensa-esp32/bin/../lib/gcc] ==> dir [/Users/nicklasborjesson/.platformio/packages/toolchain-xtensa-esp32/bin/../lib/gcc]
    arg [-L/Users/nicklasborjesson/.platformio/packages/toolchain-xtensa-esp32/bin/../lib/gcc/xtensa-esp32-elf/8.4.0/../../../../xtensa-esp32-elf/lib] ==> dir [/Users/nicklasborjesson/.platformio/packages/toolchain-xtensa-esp32/bin/../lib/gcc/xtensa-esp32-elf/8.4.0/../../../../xtensa-esp32-elf/lib]
    arg [CMakeFiles/cmTC_e3b36.dir/CMakeCXXCompilerABI.cpp.obj] ==> ignore
    arg [-lstdc++] ==> lib [stdc++]
    arg [-lm] ==> lib [m]
    arg [-lgcc] ==> lib [gcc]
    arg [-lc] ==> lib [c]
    arg [-lnosys] ==> lib [nosys]
    arg [-lc] ==> lib [c]
    arg [-lgcc] ==> lib [gcc]
    arg [/Users/nicklasborjesson/.platformio/packages/toolchain-xtensa-esp32/bin/../lib/gcc/xtensa-esp32-elf/8.4.0/crtend.o] ==> ignore
    arg [/Users/nicklasborjesson/.platformio/packages/toolchain-xtensa-esp32/bin/../lib/gcc/xtensa-esp32-elf/8.4.0/crtn.o] ==> ignore
  collapse library dir [/Users/nicklasborjesson/.platformio/packages/toolchain-xtensa-esp32/bin/../lib/gcc/xtensa-esp32-elf/8.4.0] ==> [/Users/nicklasborjesson/.platformio/packages/toolchain-xtensa-esp32/lib/gcc/xtensa-esp32-elf/8.4.0]
  collapse library dir [/Users/nicklasborjesson/.platformio/packages/toolchain-xtensa-esp32/bin/../lib/gcc] ==> [/Users/nicklasborjesson/.platformio/packages/toolchain-xtensa-esp32/lib/gcc]
  collapse library dir [/Users/nicklasborjesson/.platformio/packages/toolchain-xtensa-esp32/bin/../lib/gcc/xtensa-esp32-elf/8.4.0/../../../../xtensa-esp32-elf/lib] ==> [/Users/nicklasborjesson/.platformio/packages/toolchain-xtensa-esp32/xtensa-esp32-elf/lib]
  implicit libs: [stdc++;m;gcc;c;nosys;c;gcc]
  implicit dirs: [/Users/nicklasborjesson/.platformio/packages/toolchain-xtensa-esp32/lib/gcc/xtensa-esp32-elf/8.4.0;/Users/nicklasborjesson/.platformio/packages/toolchain-xtensa-esp32/lib/gcc;/Users/nicklasborjesson/.platformio/packages/toolchain-xtensa-esp32/xtensa-esp32-elf/lib]
  implicit fwks: []


